2025-03-10 14:19:55,647 INFO (StartupInfoLogger.java:53)- Starting GishistorymapApplication using Java 23.0.1 with PID 13284 (C:\Users\伍建玮\IdeaProjects\gishistorymap\target\classes started by 伍建玮 in C:\Users\伍建玮\IdeaProjects\GISHISTORYMAP)
2025-03-10 14:19:55,650 INFO (SpringApplication.java:652)- No active profile set, falling back to 1 default profile: "default"
2025-03-10 14:20:11,610 INFO (StartupInfoLogger.java:59)- Started GishistorymapApplication in 16.363 seconds (process running for 16.97)
2025-03-10 14:26:02,338 INFO (MapController.java:69)- 入参类别：prefpgn，起始时间：-5000，截至时间：-221
2025-03-10 14:31:48,498 INFO (MapController.java:69)- 入参类别：prefpgn，起始时间：-5000，截至时间：-221
2025-03-10 14:52:05,913 INFO (MapController.java:69)- 入参类别：prefpgn，起始时间：-5000，截至时间：-221
2025-03-10 14:52:05,982 INFO (MapController.java:69)- 入参类别：prefpgn，起始时间：-220，截至时间：-202
2025-03-10 14:52:06,275 INFO (MapController.java:69)- 入参类别：prefpgn，起始时间：908，截至时间：960
2025-03-10 14:52:07,194 INFO (MapController.java:69)- 入参类别：prefpgn，起始时间：-201，截至时间：220
2025-03-10 14:52:07,572 INFO (MapController.java:69)- 入参类别：prefpgn，起始时间：221，截至时间：589
2025-03-10 14:52:08,094 INFO (MapController.java:69)- 入参类别：prefpgn，起始时间：1277，截至时间：1368
2025-03-10 14:52:08,101 INFO (MapController.java:69)- 入参类别：prefpgn，起始时间：961，截至时间：1276
2025-03-10 14:52:10,791 INFO (MapController.java:69)- 入参类别：prefpgn，起始时间：590，截至时间：907
2025-03-10 14:52:12,989 INFO (MapController.java:69)- 入参类别：prefpgn，起始时间：1369，截至时间：1644
2025-03-10 14:52:13,263 INFO (MapController.java:69)- 入参类别：prefpts，起始时间：-5000，截至时间：-221
2025-03-10 14:52:13,376 INFO (MapController.java:69)- 入参类别：prefpts，起始时间：-220，截至时间：-202
2025-03-10 14:52:13,566 INFO (MapController.java:69)- 入参类别：prefpts，起始时间：-201，截至时间：220
2025-03-10 14:52:13,681 INFO (MapController.java:69)- 入参类别：prefpts，起始时间：221，截至时间：589
2025-03-10 14:52:13,867 INFO (MapController.java:69)- 入参类别：prefpts，起始时间：590，截至时间：907
2025-03-10 14:52:13,912 INFO (MapController.java:69)- 入参类别：prefpts，起始时间：908，截至时间：960
2025-03-10 14:52:13,937 INFO (MapController.java:69)- 入参类别：prefpts，起始时间：961，截至时间：1276
2025-03-10 14:52:13,960 INFO (MapController.java:69)- 入参类别：prefpts，起始时间：1277，截至时间：1368
2025-03-10 14:52:14,053 INFO (MapController.java:69)- 入参类别：prefpts，起始时间：1369，截至时间：1644
2025-03-10 14:52:14,073 INFO (MapController.java:69)- 入参类别：prefpts，起始时间：1645，截至时间：1840
2025-03-10 14:52:14,088 INFO (MapController.java:69)- 入参类别：cntypts，起始时间：-5000，截至时间：-221
2025-03-10 14:52:14,105 INFO (MapController.java:69)- 入参类别：cntypts，起始时间：-220，截至时间：-202
2025-03-10 14:52:14,145 INFO (MapController.java:69)- 入参类别：cntypts，起始时间：-201，截至时间：220
2025-03-10 14:52:14,468 INFO (MapController.java:69)- 入参类别：prefpgn，起始时间：1645，截至时间：1840
2025-03-10 14:52:14,499 INFO (MapController.java:69)- 入参类别：cntypts，起始时间：221，截至时间：589
2025-03-10 14:52:14,760 INFO (MapController.java:69)- 入参类别：cntypts，起始时间：590，截至时间：907
2025-03-10 14:52:14,885 INFO (MapController.java:69)- 入参类别：cntypts，起始时间：908，截至时间：960
2025-03-10 14:52:14,922 INFO (MapController.java:69)- 入参类别：cntypts，起始时间：961，截至时间：1276
2025-03-10 14:52:15,173 INFO (MapController.java:69)- 入参类别：cntypts，起始时间：1277，截至时间：1368
2025-03-10 14:52:15,234 INFO (MapController.java:69)- 入参类别：cntypts，起始时间：1645，截至时间：1840
2025-03-10 14:52:15,245 INFO (MapController.java:69)- 入参类别：cntypts，起始时间：1369，截至时间：1644
2025-03-10 14:52:54,084 INFO (MapController.java:69)- 入参类别：prefpgn，起始时间：-5000，截至时间：-221
2025-03-10 14:53:07,633 INFO (MapController.java:69)- 入参类别：cntypts，起始时间：-5000，截至时间：-221
2025-03-10 14:53:15,532 INFO (MapController.java:69)- 入参类别：cntypts，起始时间：-5000，截至时间：-221
2025-03-10 14:53:15,544 INFO (MapController.java:69)- 入参类别：prefpgn，起始时间：-5000，截至时间：-221
2025-03-10 14:53:26,164 INFO (MapController.java:69)- 入参类别：prefpgn，起始时间：-5000，截至时间：-221
2025-03-10 14:53:32,436 INFO (MapController.java:69)- 入参类别：cntypts，起始时间：-220，截至时间：-202
2025-03-10 14:53:32,446 INFO (MapController.java:69)- 入参类别：prefpts，起始时间：-220，截至时间：-202
2025-03-10 14:53:32,591 INFO (MapController.java:69)- 入参类别：prefpgn，起始时间：-220，截至时间：-202
2025-03-10 14:53:44,782 INFO (MapController.java:69)- 入参类别：prefpts，起始时间：-201，截至时间：220
2025-03-10 14:53:44,792 INFO (MapController.java:69)- 入参类别：cntypts，起始时间：-201，截至时间：220
2025-03-10 14:53:45,375 INFO (MapController.java:69)- 入参类别：prefpgn，起始时间：-201，截至时间：220
2025-03-10 14:54:44,700 INFO (MapController.java:69)- 入参类别：prefpgn，起始时间：-201，截至时间：220
2025-03-10 14:55:05,448 INFO (MapController.java:69)- 入参类别：cntypts，起始时间：221，截至时间：589
2025-03-10 14:55:10,664 INFO (MapController.java:69)- 入参类别：prefpgn，起始时间：221，截至时间：589
2025-03-10 14:55:22,809 INFO (MapController.java:69)- 入参类别：prefpgn，起始时间：1645，截至时间：1840
2025-03-10 14:56:16,663 INFO (MapController.java:69)- 入参类别：prefpgn，起始时间：-5000，截至时间：-221
2025-03-10 15:32:53,099 INFO (MapController.java:69)- 入参类别：cntypts，起始时间：-5000，截至时间：-221
2025-03-10 15:32:53,958 INFO (MapController.java:69)- 入参类别：prefpgn，起始时间：1645，截至时间：1840
2025-03-10 15:32:56,957 INFO (MapController.java:69)- 入参类别：prefpgn，起始时间：1645，截至时间：1840
2025-03-10 15:33:00,918 INFO (MapController.java:69)- 入参类别：prefpts，起始时间：-5000，截至时间：-221
2025-03-10 15:33:01,401 INFO (MapController.java:69)- 入参类别：prefpgn，起始时间：1645，截至时间：1840
2025-03-10 15:46:39,421 INFO (MapController.java:69)- 入参类别：prefpgn，起始时间：1645，截至时间：1840
2025-03-10 15:46:41,249 INFO (MapController.java:69)- 入参类别：prefpts，起始时间：-5000，截至时间：-221
2025-03-10 15:46:41,636 INFO (MapController.java:69)- 入参类别：prefpgn，起始时间：1645，截至时间：1840
2025-03-10 15:46:51,811 INFO (MapController.java:69)- 入参类别：prefpgn，起始时间：1645，截至时间：1840
2025-03-10 15:46:59,335 INFO (MapController.java:69)- 入参类别：prefpts，起始时间：-220，截至时间：-202
2025-03-10 15:46:59,783 INFO (MapController.java:69)- 入参类别：prefpgn，起始时间：1645，截至时间：1840
2025-03-10 15:47:11,522 INFO (MapController.java:69)- 入参类别：prefpgn，起始时间：1645，截至时间：1840
2025-03-10 15:47:20,491 INFO (MapController.java:69)- 入参类别：prefpts，起始时间：961，截至时间：1276
2025-03-10 15:47:20,981 INFO (MapController.java:69)- 入参类别：prefpgn，起始时间：1645，截至时间：1840
2025-03-10 16:12:03,703 INFO (MapController.java:69)- 入参类别：prefpts，起始时间：961，截至时间：1276
2025-03-10 16:12:04,214 INFO (MapController.java:69)- 入参类别：prefpgn，起始时间：961，截至时间：1276
2025-03-10 16:12:04,326 INFO (MapController.java:69)- 入参类别：prefpgn，起始时间：1645，截至时间：1840
2025-03-10 16:12:08,552 INFO (MapController.java:69)- 入参类别：prefpgn，起始时间：961，截至时间：1276
2025-03-10 16:12:08,696 INFO (MapController.java:69)- 入参类别：prefpgn，起始时间：1645，截至时间：1840
2025-03-10 16:12:10,023 INFO (MapController.java:69)- 入参类别：prefpgn，起始时间：1645，截至时间：1840
2025-03-10 16:16:39,890 INFO (MapController.java:69)- 入参类别：prefpts，起始时间：1645，截至时间：1840
2025-03-10 16:16:40,306 INFO (MapController.java:69)- 入参类别：prefpgn，起始时间：1645，截至时间：1840
2025-03-10 16:16:49,051 INFO (MapController.java:69)- 入参类别：prefpts，起始时间：1645，截至时间：1840
2025-03-10 16:16:49,056 INFO (MapController.java:69)- 入参类别：cntypts，起始时间：1645，截至时间：1840
2025-03-10 16:16:49,495 INFO (MapController.java:69)- 入参类别：prefpgn，起始时间：1645，截至时间：1840
2025-03-10 16:16:52,117 INFO (MapController.java:69)- 入参类别：prefpts，起始时间：1645，截至时间：1840
2025-03-10 16:16:52,121 INFO (MapController.java:69)- 入参类别：cntypts，起始时间：1645，截至时间：1840
2025-03-10 16:16:56,705 INFO (MapController.java:69)- 入参类别：prefpts，起始时间：1645，截至时间：1840
2025-03-10 16:16:56,710 INFO (MapController.java:69)- 入参类别：cntypts，起始时间：1645，截至时间：1840
2025-03-10 16:16:57,085 INFO (MapController.java:69)- 入参类别：prefpgn，起始时间：1645，截至时间：1840
2025-03-10 16:16:58,840 INFO (MapController.java:69)- 入参类别：prefpts，起始时间：1645，截至时间：1840
2025-03-10 16:16:58,842 INFO (MapController.java:69)- 入参类别：cntypts，起始时间：1645，截至时间：1840
2025-03-10 16:17:38,470 INFO (MapController.java:69)- 入参类别：prefpts，起始时间：1645，截至时间：1840
2025-03-10 16:17:38,471 INFO (MapController.java:69)- 入参类别：prefpts，起始时间：1277，截至时间：1368
2025-03-10 16:17:38,472 INFO (MapController.java:69)- 入参类别：cntypts，起始时间：1645，截至时间：1840
2025-03-10 16:17:40,544 INFO (MapController.java:69)- 入参类别：prefpts，起始时间：1645，截至时间：1840
2025-03-10 16:17:40,546 INFO (MapController.java:69)- 入参类别：cntypts，起始时间：1645，截至时间：1840
2025-03-10 16:17:42,721 INFO (MapController.java:69)- 入参类别：prefpts，起始时间：1645，截至时间：1840
2025-03-10 16:17:42,723 INFO (MapController.java:69)- 入参类别：cntypts，起始时间：1645，截至时间：1840
2025-03-10 16:17:43,095 INFO (MapController.java:69)- 入参类别：prefpgn，起始时间：1645，截至时间：1840
2025-03-10 16:18:05,027 INFO (MapController.java:69)- 入参类别：prefpgn，起始时间：1645，截至时间：1840
2025-03-10 16:23:03,442 INFO (MapController.java:69)- 入参类别：cntypts，起始时间：1369，截至时间：1644
2025-03-10 16:23:14,406 INFO (MapController.java:69)- 入参类别：prefpgn，起始时间：1369，截至时间：1644
2025-03-10 16:25:22,080 INFO (MapController.java:69)- 入参类别：prefpgn，起始时间：-5000，截至时间：-221
2025-03-10 16:28:59,194 INFO (MapController.java:69)- 入参类别：cntypts，起始时间：1277，截至时间：1368
2025-03-10 16:28:59,599 INFO (MapController.java:69)- 入参类别：prefpgn，起始时间：1369，截至时间：1644
2025-03-10 16:30:24,842 INFO (MapController.java:69)- 入参类别：prefpgn，起始时间：1369，截至时间：1644
2025-03-10 16:30:25,337 INFO (MapController.java:69)- 入参类别：prefpgn，起始时间：1277，截至时间：1368
2025-03-10 16:30:26,221 INFO (MapController.java:69)- 入参类别：prefpgn，起始时间：1369，截至时间：1644
2025-03-10 16:30:35,115 INFO (MapController.java:69)- 入参类别：prefpgn，起始时间：1369，截至时间：1644
2025-03-10 16:30:35,434 INFO (MapController.java:69)- 入参类别：prefpts，起始时间：1277，截至时间：1368
2025-03-10 16:30:36,340 INFO (MapController.java:69)- 入参类别：prefpgn，起始时间：1369，截至时间：1644
2025-03-10 16:37:35,317 INFO (MapController.java:69)- 入参类别：prefpts，起始时间：1277，截至时间：1368
2025-03-10 16:37:35,328 INFO (MapController.java:69)- 入参类别：cntypts，起始时间：1277，截至时间：1368
2025-03-10 16:37:35,810 INFO (MapController.java:69)- 入参类别：prefpgn，起始时间：1277，截至时间：1368
2025-03-10 16:37:35,987 INFO (MapController.java:69)- 入参类别：prefpgn，起始时间：1369，截至时间：1644
2025-03-10 16:37:38,969 INFO (MapController.java:69)- 入参类别：prefpgn，起始时间：1369，截至时间：1644
2025-03-10 16:37:39,454 INFO (MapController.java:69)- 入参类别：prefpts，起始时间：221，截至时间：589
2025-03-10 16:37:39,465 INFO (MapController.java:69)- 入参类别：cntypts，起始时间：221，截至时间：589
2025-03-10 16:37:39,921 INFO (MapController.java:69)- 入参类别：prefpgn，起始时间：221，截至时间：589
2025-03-10 16:37:40,574 INFO (MapController.java:69)- 入参类别：prefpgn，起始时间：1369，截至时间：1644
2025-03-10 16:37:54,375 INFO (MapController.java:69)- 入参类别：prefpgn，起始时间：1369，截至时间：1644
2025-03-10 16:37:54,605 INFO (MapController.java:69)- 入参类别：prefpts，起始时间：-220，截至时间：-202
2025-03-10 16:37:54,606 INFO (MapController.java:69)- 入参类别：cntypts，起始时间：-220，截至时间：-202
2025-03-10 16:37:54,650 INFO (MapController.java:69)- 入参类别：prefpgn，起始时间：-220，截至时间：-202
2025-03-10 16:37:56,183 INFO (MapController.java:69)- 入参类别：prefpgn，起始时间：1369，截至时间：1644
2025-03-10 16:38:51,687 INFO (MapController.java:69)- 入参类别：prefpts，起始时间：-220，截至时间：-202
2025-03-10 16:38:51,688 INFO (MapController.java:69)- 入参类别：cntypts，起始时间：-220，截至时间：-202
2025-03-10 16:38:51,719 INFO (MapController.java:69)- 入参类别：prefpgn，起始时间：-220，截至时间：-202
2025-03-10 16:38:51,914 INFO (MapController.java:69)- 入参类别：prefpgn，起始时间：1369，截至时间：1644
2025-03-10 16:38:53,162 INFO (MapController.java:69)- 入参类别：prefpgn，起始时间：1369，截至时间：1644
2025-03-10 16:39:02,230 INFO (MapController.java:69)- 入参类别：prefpgn，起始时间：-5000，截至时间：-221
2025-03-10 16:39:02,276 INFO (MapController.java:69)- 入参类别：prefpgn，起始时间：-220，截至时间：-202
2025-03-10 16:39:02,443 INFO (MapController.java:69)- 入参类别：prefpgn，起始时间：908，截至时间：960
2025-03-10 16:39:02,628 INFO (MapController.java:69)- 入参类别：prefpgn，起始时间：-201，截至时间：220
2025-03-10 16:39:02,761 INFO (MapController.java:69)- 入参类别：prefpgn，起始时间：221，截至时间：589
2025-03-10 16:39:02,895 INFO (MapController.java:69)- 入参类别：prefpgn，起始时间：1277，截至时间：1368
2025-03-10 16:39:03,202 INFO (MapController.java:69)- 入参类别：prefpgn，起始时间：961，截至时间：1276
2025-03-10 16:39:03,278 INFO (MapController.java:69)- 入参类别：prefpts，起始时间：-220，截至时间：-202
2025-03-10 16:39:03,316 INFO (MapController.java:69)- 入参类别：prefpts，起始时间：221，截至时间：589
2025-03-10 16:39:03,488 INFO (MapController.java:69)- 入参类别：prefpgn，起始时间：590，截至时间：907
2025-03-10 16:39:03,900 INFO (MapController.java:69)- 入参类别：prefpgn，起始时间：1369，截至时间：1644
2025-03-10 16:39:04,266 INFO (MapController.java:69)- 入参类别：prefpgn，起始时间：1645，截至时间：1840
2025-03-10 16:39:04,819 INFO (MapController.java:69)- 入参类别：prefpts，起始时间：-5000，截至时间：-221
2025-03-10 16:39:04,845 INFO (MapController.java:69)- 入参类别：prefpts，起始时间：590，截至时间：907
2025-03-10 16:39:04,891 INFO (MapController.java:69)- 入参类别：prefpts，起始时间：-201，截至时间：220
2025-03-10 16:39:04,903 INFO (MapController.java:69)- 入参类别：prefpts，起始时间：961，截至时间：1276
2025-03-10 16:39:04,933 INFO (MapController.java:69)- 入参类别：prefpts，起始时间：1277，截至时间：1368
2025-03-10 16:39:04,950 INFO (MapController.java:69)- 入参类别：cntypts，起始时间：-5000，截至时间：-221
2025-03-10 16:39:04,965 INFO (MapController.java:69)- 入参类别：cntypts，起始时间：-220，截至时间：-202
2025-03-10 16:39:04,970 INFO (MapController.java:69)- 入参类别：prefpts，起始时间：908，截至时间：960
2025-03-10 16:39:04,982 INFO (MapController.java:69)- 入参类别：prefpts，起始时间：1369，截至时间：1644
2025-03-10 16:39:05,000 INFO (MapController.java:69)- 入参类别：prefpts，起始时间：1645，截至时间：1840
2025-03-10 16:39:05,083 INFO (MapController.java:69)- 入参类别：cntypts，起始时间：221，截至时间：589
2025-03-10 16:39:05,101 INFO (MapController.java:69)- 入参类别：cntypts，起始时间：-201，截至时间：220
2025-03-10 16:39:05,165 INFO (MapController.java:69)- 入参类别：cntypts，起始时间：1277，截至时间：1368
2025-03-10 16:39:05,185 INFO (MapController.java:69)- 入参类别：cntypts，起始时间：590，截至时间：907
2025-03-10 16:39:05,396 INFO (MapController.java:69)- 入参类别：cntypts，起始时间：1369，截至时间：1644
2025-03-10 16:39:05,438 INFO (MapController.java:69)- 入参类别：cntypts，起始时间：908，截至时间：960
2025-03-10 16:39:05,694 INFO (MapController.java:69)- 入参类别：cntypts，起始时间：1645，截至时间：1840
2025-03-10 16:39:05,831 INFO (MapController.java:69)- 入参类别：cntypts，起始时间：961，截至时间：1276
2025-03-10 16:39:31,559 INFO (MapController.java:69)- 入参类别：prefpts，起始时间：-220，截至时间：-202
2025-03-10 16:39:31,561 INFO (MapController.java:69)- 入参类别：cntypts，起始时间：-220，截至时间：-202
2025-03-10 16:39:31,588 INFO (MapController.java:69)- 入参类别：prefpgn，起始时间：-220，截至时间：-202
2025-03-10 16:41:18,157 INFO (MapController.java:69)- 入参类别：cntypts，起始时间：-220，截至时间：-202
2025-03-10 16:41:18,186 INFO (MapController.java:69)- 入参类别：prefpgn，起始时间：-220，截至时间：-202
2025-03-10 16:41:19,038 INFO (MapController.java:69)- 入参类别：prefpgn，起始时间：-220，截至时间：-202
2025-03-10 16:41:24,749 INFO (MapController.java:69)- 入参类别：cntypts，起始时间：-220，截至时间：-202
2025-03-10 16:41:24,778 INFO (MapController.java:69)- 入参类别：prefpgn，起始时间：-220，截至时间：-202
2025-03-10 16:43:24,219 INFO (MapController.java:69)- 入参类别：prefpts，起始时间：-220，截至时间：-202
2025-03-10 16:43:24,220 INFO (MapController.java:69)- 入参类别：cntypts，起始时间：-220，截至时间：-202
2025-03-10 16:43:24,250 INFO (MapController.java:69)- 入参类别：prefpgn，起始时间：-220，截至时间：-202
2025-03-10 16:43:34,701 INFO (MapController.java:69)- 入参类别：prefpts，起始时间：-5000，截至时间：-221
2025-03-10 16:43:34,702 INFO (MapController.java:69)- 入参类别：cntypts，起始时间：-5000，截至时间：-221
2025-03-10 16:43:34,710 INFO (MapController.java:69)- 入参类别：prefpgn，起始时间：-5000，截至时间：-221
2025-03-10 17:05:34,045 INFO (StartupInfoLogger.java:53)- Starting GishistorymapApplication using Java 23.0.1 with PID 31824 (C:\Users\伍建玮\IdeaProjects\gishistorymap\target\classes started by 伍建玮 in C:\Users\伍建玮\IdeaProjects\GISHISTORYMAP)
2025-03-10 17:05:34,047 INFO (SpringApplication.java:652)- No active profile set, falling back to 1 default profile: "default"
2025-03-10 17:05:52,786 INFO (StartupInfoLogger.java:59)- Started GishistorymapApplication in 19.175 seconds (process running for 19.88)
2025-03-10 17:06:13,730 INFO (MapController.java:69)- 入参类别：prefpts，起始时间：-5000，截至时间：-221
2025-03-10 17:06:13,732 INFO (MapController.java:69)- 入参类别：cntypts，起始时间：-5000，截至时间：-221
2025-03-10 17:06:13,739 INFO (MapController.java:69)- 入参类别：prefpgn，起始时间：-5000，截至时间：-221
2025-03-10 17:06:21,012 INFO (MapController.java:69)- 入参类别：prefpts，起始时间：-220，截至时间：-202
2025-03-10 17:06:21,015 INFO (MapController.java:69)- 入参类别：cntypts，起始时间：-220，截至时间：-202
2025-03-10 17:06:21,066 INFO (MapController.java:69)- 入参类别：prefpgn，起始时间：-220，截至时间：-202
2025-03-10 17:06:24,415 INFO (MapController.java:69)- 入参类别：prefpts，起始时间：-220，截至时间：-202
2025-03-10 17:06:24,469 INFO (MapController.java:69)- 入参类别：prefpgn，起始时间：-220，截至时间：-202
2025-03-10 17:06:25,080 INFO (MapController.java:69)- 入参类别：prefpgn，起始时间：-220，截至时间：-202
2025-03-10 17:06:26,833 INFO (MapController.java:69)- 入参类别：cntypts，起始时间：-220，截至时间：-202
2025-03-10 17:06:27,420 INFO (MapController.java:69)- 入参类别：prefpts，起始时间：-220，截至时间：-202
2025-03-10 17:06:27,421 INFO (MapController.java:69)- 入参类别：cntypts，起始时间：-220，截至时间：-202
2025-03-10 17:06:28,400 INFO (MapController.java:69)- 入参类别：prefpts，起始时间：-220，截至时间：-202
2025-03-10 17:06:28,401 INFO (MapController.java:69)- 入参类别：cntypts，起始时间：-220，截至时间：-202
2025-03-10 17:06:28,451 INFO (MapController.java:69)- 入参类别：prefpgn，起始时间：-220，截至时间：-202
2025-03-10 17:06:29,170 INFO (MapController.java:69)- 入参类别：prefpts，起始时间：-220，截至时间：-202
2025-03-10 17:06:29,205 INFO (MapController.java:69)- 入参类别：cntypts，起始时间：-220，截至时间：-202
2025-03-10 17:06:29,713 INFO (MapController.java:69)- 入参类别：prefpts，起始时间：-220，截至时间：-202
2025-03-10 17:06:29,716 INFO (MapController.java:69)- 入参类别：cntypts，起始时间：-220，截至时间：-202
2025-03-10 17:06:29,766 INFO (MapController.java:69)- 入参类别：prefpgn，起始时间：-220，截至时间：-202
2025-03-10 17:06:30,746 INFO (MapController.java:69)- 入参类别：prefpts，起始时间：-220，截至时间：-202
2025-03-10 17:06:30,749 INFO (MapController.java:69)- 入参类别：cntypts，起始时间：-220，截至时间：-202
2025-03-10 17:06:31,694 INFO (MapController.java:69)- 入参类别：prefpts，起始时间：-220，截至时间：-202
2025-03-10 17:06:32,425 INFO (MapController.java:69)- 入参类别：prefpts，起始时间：-220，截至时间：-202
2025-03-10 17:06:32,494 INFO (MapController.java:69)- 入参类别：prefpgn，起始时间：-220，截至时间：-202
2025-03-10 17:06:33,467 INFO (MapController.java:69)- 入参类别：prefpts，起始时间：-220，截至时间：-202
2025-03-10 17:06:34,032 INFO (MapController.java:69)- 入参类别：prefpts，起始时间：-220，截至时间：-202
2025-03-10 17:06:34,084 INFO (MapController.java:69)- 入参类别：prefpgn，起始时间：-220，截至时间：-202
2025-03-10 17:06:35,116 INFO (MapController.java:69)- 入参类别：prefpts，起始时间：-220，截至时间：-202
2025-03-10 17:06:35,669 INFO (MapController.java:69)- 入参类别：prefpts，起始时间：-220，截至时间：-202
2025-03-10 17:06:35,756 INFO (MapController.java:69)- 入参类别：prefpgn，起始时间：-220，截至时间：-202
2025-03-10 17:06:36,716 INFO (MapController.java:69)- 入参类别：prefpgn，起始时间：-220，截至时间：-202
2025-03-10 17:06:40,137 INFO (MapController.java:69)- 入参类别：prefpts，起始时间：-201，截至时间：220
2025-03-10 17:06:40,147 INFO (MapController.java:69)- 入参类别：cntypts，起始时间：-201，截至时间：220
2025-03-10 17:06:40,416 INFO (MapController.java:69)- 入参类别：prefpgn，起始时间：-201，截至时间：220
2025-03-10 17:16:10,531 INFO (MapController.java:69)- 入参类别：prefpgn，起始时间：-5000，截至时间：-221
2025-03-10 17:16:11,939 INFO (MapController.java:69)- 入参类别：cntypts，起始时间：-5000，截至时间：-221
2025-03-10 17:16:11,944 INFO (MapController.java:69)- 入参类别：prefpgn，起始时间：-5000，截至时间：-221
2025-03-10 17:16:12,758 INFO (MapController.java:69)- 入参类别：prefpts，起始时间：-5000，截至时间：-221
2025-03-10 17:16:12,759 INFO (MapController.java:69)- 入参类别：cntypts，起始时间：-5000，截至时间：-221
2025-03-10 17:16:12,769 INFO (MapController.java:69)- 入参类别：prefpgn，起始时间：-5000，截至时间：-221
2025-03-10 17:16:14,589 INFO (MapController.java:69)- 入参类别：prefpgn，起始时间：-5000，截至时间：-221
2025-03-10 17:16:14,662 INFO (MapController.java:69)- 入参类别：prefpgn，起始时间：-220，截至时间：-202
2025-03-10 17:16:14,818 INFO (MapController.java:69)- 入参类别：prefpgn，起始时间：908，截至时间：960
2025-03-10 17:16:15,037 INFO (MapController.java:69)- 入参类别：prefpgn，起始时间：-201，截至时间：220
2025-03-10 17:16:15,231 INFO (MapController.java:69)- 入参类别：prefpgn，起始时间：221，截至时间：589
2025-03-10 17:16:15,401 INFO (MapController.java:69)- 入参类别：prefpgn，起始时间：961，截至时间：1276
2025-03-10 17:16:15,476 INFO (MapController.java:69)- 入参类别：prefpgn，起始时间：1277，截至时间：1368
2025-03-10 17:16:16,210 INFO (MapController.java:69)- 入参类别：prefpts，起始时间：-5000，截至时间：-221
2025-03-10 17:16:16,649 INFO (MapController.java:69)- 入参类别：prefpgn，起始时间：590，截至时间：907
2025-03-10 17:16:18,083 INFO (MapController.java:69)- 入参类别：prefpgn，起始时间：1369，截至时间：1644
2025-03-10 17:16:18,862 INFO (MapController.java:69)- 入参类别：prefpgn，起始时间：1645，截至时间：1840
2025-03-10 17:16:19,315 INFO (MapController.java:69)- 入参类别：prefpts，起始时间：-220，截至时间：-202
2025-03-10 17:16:19,362 INFO (MapController.java:69)- 入参类别：prefpts，起始时间：-201，截至时间：220
2025-03-10 17:16:19,418 INFO (MapController.java:69)- 入参类别：prefpts，起始时间：221，截至时间：589
2025-03-10 17:16:19,465 INFO (MapController.java:69)- 入参类别：prefpts，起始时间：590，截至时间：907
2025-03-10 17:16:19,494 INFO (MapController.java:69)- 入参类别：prefpts，起始时间：908，截至时间：960
2025-03-10 17:16:19,512 INFO (MapController.java:69)- 入参类别：prefpts，起始时间：961，截至时间：1276
2025-03-10 17:16:19,549 INFO (MapController.java:69)- 入参类别：cntypts，起始时间：-5000，截至时间：-221
2025-03-10 17:16:19,569 INFO (MapController.java:69)- 入参类别：cntypts，起始时间：-220，截至时间：-202
2025-03-10 17:16:19,591 INFO (MapController.java:69)- 入参类别：prefpts，起始时间：1277，截至时间：1368
2025-03-10 17:16:19,624 INFO (MapController.java:69)- 入参类别：prefpts，起始时间：1369，截至时间：1644
2025-03-10 17:16:19,942 INFO (MapController.java:69)- 入参类别：cntypts，起始时间：-201，截至时间：220
2025-03-10 17:16:20,008 INFO (MapController.java:69)- 入参类别：prefpts，起始时间：1645，截至时间：1840
2025-03-10 17:16:20,049 INFO (MapController.java:69)- 入参类别：cntypts，起始时间：908，截至时间：960
2025-03-10 17:16:20,112 INFO (MapController.java:69)- 入参类别：cntypts，起始时间：961，截至时间：1276
2025-03-10 17:16:20,217 INFO (MapController.java:69)- 入参类别：cntypts，起始时间：221，截至时间：589
2025-03-10 17:16:20,363 INFO (MapController.java:69)- 入参类别：cntypts，起始时间：590，截至时间：907
2025-03-10 17:16:20,579 INFO (MapController.java:69)- 入参类别：cntypts，起始时间：1277，截至时间：1368
2025-03-10 17:16:20,611 INFO (MapController.java:69)- 入参类别：cntypts，起始时间：1369，截至时间：1644
2025-03-10 17:16:20,636 INFO (MapController.java:69)- 入参类别：cntypts，起始时间：1645，截至时间：1840
2025-03-10 17:30:38,072 INFO (MapController.java:69)- 入参类别：prefpts，起始时间：961，截至时间：1276
2025-03-10 17:30:38,087 INFO (MapController.java:69)- 入参类别：cntypts，起始时间：961，截至时间：1276
2025-03-10 17:30:38,627 INFO (MapController.java:69)- 入参类别：prefpgn，起始时间：961，截至时间：1276
2025-03-10 17:30:46,189 INFO (MapController.java:69)- 入参类别：prefpts，起始时间：1645，截至时间：1840
2025-03-10 17:30:46,193 INFO (MapController.java:69)- 入参类别：cntypts，起始时间：1645，截至时间：1840
2025-03-10 17:30:46,986 INFO (MapController.java:69)- 入参类别：prefpgn，起始时间：1645，截至时间：1840
2025-03-10 17:31:00,572 INFO (MapController.java:69)- 入参类别：prefpts，起始时间：-5000，截至时间：-221
2025-03-10 17:31:00,574 INFO (MapController.java:69)- 入参类别：prefpts，起始时间：1645，截至时间：1840
2025-03-10 17:31:00,574 INFO (MapController.java:69)- 入参类别：cntypts，起始时间：-5000，截至时间：-221
2025-03-10 17:31:00,578 INFO (MapController.java:69)- 入参类别：cntypts，起始时间：1645，截至时间：1840
2025-03-10 17:31:00,589 INFO (MapController.java:69)- 入参类别：prefpgn，起始时间：-5000，截至时间：-221
2025-03-10 17:31:01,367 INFO (MapController.java:69)- 入参类别：prefpgn，起始时间：1645，截至时间：1840
2025-03-10 17:31:03,950 INFO (MapController.java:69)- 入参类别：prefpgn，起始时间：-5000，截至时间：-221
2025-03-10 17:31:03,998 INFO (MapController.java:69)- 入参类别：prefpgn，起始时间：-220，截至时间：-202
2025-03-10 17:31:04,115 INFO (MapController.java:69)- 入参类别：prefpgn，起始时间：908，截至时间：960
2025-03-10 17:31:04,417 INFO (MapController.java:69)- 入参类别：prefpgn，起始时间：-201，截至时间：220
2025-03-10 17:31:04,728 INFO (MapController.java:69)- 入参类别：prefpgn，起始时间：221，截至时间：589
2025-03-10 17:31:04,877 INFO (MapController.java:69)- 入参类别：prefpgn，起始时间：961，截至时间：1276
2025-03-10 17:31:05,107 INFO (MapController.java:69)- 入参类别：prefpgn，起始时间：1277，截至时间：1368
2025-03-10 17:31:05,542 INFO (MapController.java:69)- 入参类别：prefpgn，起始时间：590，截至时间：907
2025-03-10 17:31:06,074 INFO (MapController.java:69)- 入参类别：prefpgn，起始时间：1369，截至时间：1644
2025-03-10 17:31:06,330 INFO (MapController.java:69)- 入参类别：prefpts，起始时间：-5000，截至时间：-221
2025-03-10 17:31:06,341 INFO (MapController.java:69)- 入参类别：prefpts，起始时间：-220，截至时间：-202
2025-03-10 17:31:06,365 INFO (MapController.java:69)- 入参类别：prefpts，起始时间：-201，截至时间：220
2025-03-10 17:31:06,557 INFO (MapController.java:69)- 入参类别：prefpts，起始时间：221，截至时间：589
2025-03-10 17:31:06,644 INFO (MapController.java:69)- 入参类别：prefpts，起始时间：590，截至时间：907
2025-03-10 17:31:06,689 INFO (MapController.java:69)- 入参类别：prefpts，起始时间：908，截至时间：960
2025-03-10 17:31:06,705 INFO (MapController.java:69)- 入参类别：prefpts，起始时间：961，截至时间：1276
2025-03-10 17:31:06,726 INFO (MapController.java:69)- 入参类别：prefpts，起始时间：1369，截至时间：1644
2025-03-10 17:31:06,740 INFO (MapController.java:69)- 入参类别：prefpts，起始时间：1645，截至时间：1840
2025-03-10 17:31:06,753 INFO (MapController.java:69)- 入参类别：cntypts，起始时间：-5000，截至时间：-221
2025-03-10 17:31:06,757 INFO (MapController.java:69)- 入参类别：prefpgn，起始时间：1645，截至时间：1840
2025-03-10 17:31:06,766 INFO (MapController.java:69)- 入参类别：cntypts，起始时间：-220，截至时间：-202
2025-03-10 17:31:06,778 INFO (MapController.java:69)- 入参类别：prefpts，起始时间：1277，截至时间：1368
2025-03-10 17:31:06,817 INFO (MapController.java:69)- 入参类别：cntypts，起始时间：-201，截至时间：220
2025-03-10 17:31:07,000 INFO (MapController.java:69)- 入参类别：cntypts，起始时间：221，截至时间：589
2025-03-10 17:31:07,052 INFO (MapController.java:69)- 入参类别：cntypts，起始时间：908，截至时间：960
2025-03-10 17:31:07,080 INFO (MapController.java:69)- 入参类别：cntypts，起始时间：961，截至时间：1276
2025-03-10 17:31:07,141 INFO (MapController.java:69)- 入参类别：cntypts，起始时间：590，截至时间：907
2025-03-10 17:31:07,202 INFO (MapController.java:69)- 入参类别：cntypts，起始时间：1277，截至时间：1368
2025-03-10 17:31:07,230 INFO (MapController.java:69)- 入参类别：cntypts，起始时间：1369，截至时间：1644
2025-03-10 17:31:07,259 INFO (MapController.java:69)- 入参类别：cntypts，起始时间：1645，截至时间：1840
2025-03-10 17:42:36,661 INFO (MapController.java:69)- 入参类别：prefpts，起始时间：-5000，截至时间：-221
2025-03-10 17:42:36,669 INFO (MapController.java:69)- 入参类别：cntypts，起始时间：-5000，截至时间：-221
2025-03-10 17:42:36,728 INFO (MapController.java:69)- 入参类别：prefpgn，起始时间：-5000，截至时间：-221
2025-03-10 17:42:44,037 INFO (MapController.java:69)- 入参类别：cntypts，起始时间：-5000，截至时间：-221
2025-03-10 17:42:46,228 INFO (MapController.java:69)- 入参类别：cntypts，起始时间：-5000，截至时间：-221
2025-03-10 17:42:46,238 INFO (MapController.java:69)- 入参类别：prefpgn，起始时间：-5000，截至时间：-221
2025-03-10 17:42:47,154 INFO (MapController.java:69)- 入参类别：prefpgn，起始时间：-5000，截至时间：-221
2025-03-10 17:42:49,006 INFO (MapController.java:69)- 入参类别：cntypts，起始时间：-5000，截至时间：-221
2025-03-10 17:42:49,863 INFO (MapController.java:69)- 入参类别：prefpts，起始时间：-5000，截至时间：-221
2025-03-10 17:42:49,866 INFO (MapController.java:69)- 入参类别：cntypts，起始时间：-5000，截至时间：-221
2025-03-10 17:42:50,340 INFO (MapController.java:69)- 入参类别：prefpts，起始时间：-5000，截至时间：-221
2025-03-10 17:42:50,881 INFO (MapController.java:69)- 入参类别：prefpts，起始时间：-5000，截至时间：-221
2025-03-10 17:42:50,894 INFO (MapController.java:69)- 入参类别：prefpgn，起始时间：-5000，截至时间：-221
2025-03-10 17:42:52,378 INFO (MapController.java:69)- 入参类别：prefpgn，起始时间：-5000，截至时间：-221
2025-03-10 17:42:53,461 INFO (MapController.java:69)- 入参类别：prefpts，起始时间：-5000，截至时间：-221
2025-03-10 17:42:54,029 INFO (MapController.java:69)- 入参类别：prefpts，起始时间：-5000，截至时间：-221
2025-03-10 17:42:54,031 INFO (MapController.java:69)- 入参类别：cntypts，起始时间：-5000，截至时间：-221
2025-03-10 17:42:54,744 INFO (MapController.java:69)- 入参类别：cntypts，起始时间：-5000，截至时间：-221
2025-03-10 17:55:57,775 INFO (MapController.java:69)- 入参类别：prefpts，起始时间：-5000，截至时间：-221
2025-03-10 17:55:57,776 INFO (MapController.java:69)- 入参类别：cntypts，起始时间：-5000，截至时间：-221
2025-03-10 17:55:57,789 INFO (MapController.java:69)- 入参类别：prefpgn，起始时间：-5000，截至时间：-221
2025-03-10 17:57:02,488 INFO (MapController.java:69)- 入参类别：cntypts，起始时间：-5000，截至时间：-221
2025-03-10 17:57:04,686 INFO (MapController.java:69)- 入参类别：cntypts，起始时间：-5000，截至时间：-221
2025-03-10 17:57:12,903 INFO (MapController.java:69)- 入参类别：prefpts，起始时间：1277，截至时间：1368
2025-03-10 17:57:12,920 INFO (MapController.java:69)- 入参类别：cntypts，起始时间：1277，截至时间：1368
2025-03-10 17:57:13,289 INFO (MapController.java:69)- 入参类别：prefpgn，起始时间：1277，截至时间：1368
2025-03-10 18:48:39,356 INFO (MapController.java:69)- 入参类别：prefpts，起始时间：1277，截至时间：1368
2025-03-10 18:48:39,379 INFO (MapController.java:69)- 入参类别：cntypts，起始时间：1277，截至时间：1368
2025-03-10 18:48:39,584 INFO (MapController.java:69)- 入参类别：prefpgn，起始时间：-220，截至时间：-202
2025-03-10 18:48:40,866 INFO (MapController.java:69)- 入参类别：prefpgn，起始时间：1277，截至时间：1368
2025-03-10 18:50:05,164 INFO (StartupInfoLogger.java:53)- Starting GishistorymapApplication using Java 23.0.1 with PID 27160 (C:\Users\伍建玮\IdeaProjects\gishistorymap\target\classes started by 伍建玮 in C:\Users\伍建玮\IdeaProjects\GISHISTORYMAP)
2025-03-10 18:50:05,166 INFO (SpringApplication.java:652)- No active profile set, falling back to 1 default profile: "default"
2025-03-10 18:50:20,712 INFO (StartupInfoLogger.java:59)- Started GishistorymapApplication in 15.98 seconds (process running for 16.645)
2025-03-10 18:53:00,273 INFO (MapController.java:69)- 入参类别：prefpgn，起始时间：-5000，截至时间：-221
2025-03-10 19:31:07,438 INFO (MapController.java:69)- 入参类别：prefpts，起始时间：-5000，截至时间：-221
2025-03-10 19:31:07,446 INFO (MapController.java:69)- 入参类别：prefpgn，起始时间：-5000，截至时间：-221
2025-03-10 19:31:07,449 INFO (MapController.java:69)- 入参类别：cntypts，起始时间：-5000，截至时间：-221
2025-03-10 19:31:25,658 INFO (MapController.java:69)- 入参类别：prefpts，起始时间：-5000，截至时间：-221
2025-03-10 19:31:25,663 INFO (MapController.java:69)- 入参类别：cntypts，起始时间：-5000，截至时间：-221
2025-03-10 19:31:25,663 INFO (MapController.java:69)- 入参类别：cntypts，起始时间：-220，截至时间：-202
2025-03-10 19:31:25,670 INFO (MapController.java:69)- 入参类别：prefpgn，起始时间：-5000，截至时间：-221
2025-03-10 19:31:27,215 INFO (MapController.java:69)- 入参类别：prefpts，起始时间：-220，截至时间：-202
2025-03-10 19:31:27,215 INFO (MapController.java:69)- 入参类别：prefpts，起始时间：-5000，截至时间：-221
2025-03-10 19:31:27,216 INFO (MapController.java:69)- 入参类别：cntypts，起始时间：-220，截至时间：-202
2025-03-10 19:31:27,217 INFO (MapController.java:69)- 入参类别：cntypts，起始时间：-5000，截至时间：-221
2025-03-10 19:31:27,229 INFO (MapController.java:69)- 入参类别：prefpgn，起始时间：-5000，截至时间：-221
2025-03-10 19:31:28,970 INFO (MapController.java:69)- 入参类别：prefpts，起始时间：-220，截至时间：-202
2025-03-10 19:31:28,970 INFO (MapController.java:69)- 入参类别：cntypts，起始时间：-220，截至时间：-202
2025-03-10 19:31:31,570 INFO (MapController.java:69)- 入参类别：prefpts，起始时间：-220，截至时间：-202
2025-03-10 19:31:32,883 INFO (MapController.java:69)- 入参类别：prefpgn，起始时间：-220，截至时间：-202
2025-03-10 19:40:34,274 INFO (StartupInfoLogger.java:53)- Starting GishistorymapApplication using Java 23.0.1 with PID 27160 (C:\Users\伍建玮\IdeaProjects\gishistorymap\target\classes started by 伍建玮 in C:\Users\伍建玮\IdeaProjects\GISHISTORYMAP)
2025-03-10 19:40:34,275 INFO (SpringApplication.java:652)- No active profile set, falling back to 1 default profile: "default"
2025-03-10 19:40:35,954 INFO (StartupInfoLogger.java:53)- Starting GishistorymapApplication using Java 23.0.1 with PID 27160 (C:\Users\伍建玮\IdeaProjects\gishistorymap\target\classes started by 伍建玮 in C:\Users\伍建玮\IdeaProjects\GISHISTORYMAP)
2025-03-10 19:40:35,954 INFO (SpringApplication.java:652)- No active profile set, falling back to 1 default profile: "default"
2025-03-10 19:40:51,323 INFO (StartupInfoLogger.java:59)- Started GishistorymapApplication in 15.389 seconds (process running for 3047.256)
2025-03-10 19:41:36,466 INFO (StartupInfoLogger.java:53)- Starting GishistorymapApplication using Java 23.0.1 with PID 27160 (C:\Users\伍建玮\IdeaProjects\gishistorymap\target\classes started by 伍建玮 in C:\Users\伍建玮\IdeaProjects\GISHISTORYMAP)
2025-03-10 19:41:36,466 INFO (SpringApplication.java:652)- No active profile set, falling back to 1 default profile: "default"
2025-03-10 19:41:52,429 INFO (StartupInfoLogger.java:59)- Started GishistorymapApplication in 16.007 seconds (process running for 3108.363)
2025-03-10 19:51:21,167 INFO (StartupInfoLogger.java:53)- Starting GishistorymapApplicationTests using Java 23.0.1 with PID 30080 (started by 伍建玮 in C:\Users\伍建玮\IdeaProjects\gishistorymap)
2025-03-10 19:51:21,168 INFO (SpringApplication.java:652)- No active profile set, falling back to 1 default profile: "default"
2025-03-10 19:51:38,960 INFO (StartupInfoLogger.java:59)- Started GishistorymapApplicationTests in 18.156 seconds (process running for 19.158)
2025-03-10 19:53:08,688 INFO (StartupInfoLogger.java:53)- Starting GishistorymapApplicationTests using Java 23.0.1 with PID 1612 (started by 伍建玮 in C:\Users\伍建玮\IdeaProjects\gishistorymap)
2025-03-10 19:53:08,689 INFO (SpringApplication.java:652)- No active profile set, falling back to 1 default profile: "default"
2025-03-10 19:53:24,816 INFO (StartupInfoLogger.java:59)- Started GishistorymapApplicationTests in 16.499 seconds (process running for 17.36)
2025-03-10 20:02:48,242 INFO (StartupInfoLogger.java:53)- Starting GishistorymapApplicationTests using Java 23.0.1 with PID 34628 (started by 伍建玮 in C:\Users\伍建玮\IdeaProjects\gishistorymap)
2025-03-10 20:02:48,244 INFO (SpringApplication.java:652)- No active profile set, falling back to 1 default profile: "default"
2025-03-10 20:03:03,493 INFO (StartupInfoLogger.java:59)- Started GishistorymapApplicationTests in 15.618 seconds (process running for 16.473)
